INFO  12.04.2018 15:25:28  Trying to initialize repositories from: 
    /Users/minhtien/Documents/dev/CBA/internet-banking-magnolia/apache-tomcat/webapps/magnoliaAuthor/WEB-INF/bootstrap/author
    /Users/minhtien/Documents/dev/CBA/internet-banking-magnolia/apache-tomcat/webapps/magnoliaAuthor/WEB-INF/bootstrap/common
INFO  12.04.2018 15:25:28  Repository [dam] has been initialized.
INFO  12.04.2018 15:25:28  Repository [forum] has been initialized.
INFO  12.04.2018 15:25:28  Repository [contacts] has been initialized.
INFO  12.04.2018 15:25:28  Repository [usergroups] has been initialized.
INFO  12.04.2018 15:25:28  Repository [magnolia-mgnlSystem] has been initialized.
INFO  12.04.2018 15:25:28  Repository [scripts] has been initialized.
INFO  12.04.2018 15:25:28  Repository [website] has been initialized.
INFO  12.04.2018 15:25:28  Repository [magnolia-mgnlVersion] has been initialized.
INFO  12.04.2018 15:25:28  Repository [userroles] has been initialized.
INFO  12.04.2018 15:25:28  Repository [googleSitemaps] has been initialized.
INFO  12.04.2018 15:25:28  Repository [profiles] has been initialized.
INFO  12.04.2018 15:25:28  Repository [users] has been initialized.
INFO  12.04.2018 15:25:28  Repository [tasks] has been initialized.
INFO  12.04.2018 15:25:28  Repository [imaging] has been initialized.
INFO  12.04.2018 15:25:28  Repository [category] has been initialized.
INFO  12.04.2018 15:25:28  Repository [rss] has been initialized.
INFO  12.04.2018 15:25:28  Repository [default] has been initialized.
INFO  12.04.2018 15:25:28  Repository [resources] has been initialized.
INFO  12.04.2018 15:25:28  Repository [messages] has been initialized.
INFO  12.04.2018 15:25:28  Repository [config] has been initialized.
INFO  12.04.2018 15:25:28  Repository [dms] has been initialized.
