ERROR  info.magnolia.config.source.yaml.YamlConfigurationSource 12.04.2018 15:41:07 -- 1 severe problems have been encountered:
ERROR  info.magnolia.config.source.yaml.YamlConfigurationSource 12.04.2018 15:41:07 -- 
Severity type:   SEVERE 
Title:           /: [Definition resolution] - Parsing configuration data from [/internet-banking/dialogs/pages/main.yaml] failed 
Problem details: Failed to parse YAML file:
Resource not found: No resource found for path /internet-banking/dialogs/common/default-dialog-actions.yaml in origin layered
info.magnolia.resourceloader.ResourceOrigin$ResourceNotFoundException: No resource found for path /internet-banking/dialogs/common/default-dialog-actions.yaml in origin layered
	at info.magnolia.resourceloader.layered.LayeredResourceOrigin.getByPath(LayeredResourceOrigin.java:111)
	at info.magnolia.resourceloader.layered.LayeredResourceOrigin.getByPath(LayeredResourceOrigin.java:73)
	at info.magnolia.config.source.yaml.dependency.YamlFileDependency.getResource(YamlFileDependency.java:103)
	at info.magnolia.config.source.yaml.dependency.YamlFileDependency.readData(YamlFileDependency.java:85)
	at info.magnolia.config.source.yaml.construct.IncludeYamlFile.construct(IncludeYamlFile.java:86)
	at org.yaml.snakeyaml.constructor.BaseConstructor.constructObject(BaseConstructor.java:182)
	at org.yaml.snakeyaml.constructor.BaseConstructor.constructMapping2ndStep(BaseConstructor.java:325)
	at org.yaml.snakeyaml.constructor.SafeConstructor.constructMapping2ndStep(SafeConstructor.java:145)
	at org.yaml.snakeyaml.constructor.BaseConstructor.constructMapping(BaseConstructor.java:306)
	at org.yaml.snakeyaml.constructor.SafeConstructor$ConstructYamlMap.construct(SafeConstructor.java:461)
	at org.yaml.snakeyaml.constructor.BaseConstructor.constructObject(BaseConstructor.java:182)
	at org.yaml.snakeyaml.constructor.BaseConstructor.constructDocument(BaseConstructor.java:141)
	at org.yaml.snakeyaml.constructor.BaseConstructor.getSingleData(BaseConstructor.java:127)
	at org.yaml.snakeyaml.Yaml.loadFromReader(Yaml.java:481)
	at org.yaml.snakeyaml.Yaml.load(Yaml.java:424)
	at info.magnolia.config.source.yaml.YamlReader.doReadWithDependencies(YamlReader.java:84)
	at info.magnolia.config.source.yaml.YamlReader.readWithDependencies(YamlReader.java:76)
	at info.magnolia.config.source.yaml.YamlDefinitionProvider.resolve(YamlDefinitionProvider.java:158)
	at info.magnolia.config.source.yaml.YamlDefinitionProvider.getDelegate(YamlDefinitionProvider.java:128)
	at info.magnolia.config.registry.AbstractDefinitionProviderWrapper.getMetadata(AbstractDefinitionProviderWrapper.java:56)
	at info.magnolia.config.registry.AbstractDefinitionProviderWrapper.getMetadata(AbstractDefinitionProviderWrapper.java:56)
	at info.magnolia.config.registry.RegistryMap.asStringKey(RegistryMap.java:147)
	at info.magnolia.config.registry.RegistryMap.put(RegistryMap.java:94)
	at info.magnolia.config.registry.AbstractRegistry.register(AbstractRegistry.java:91)
	at info.magnolia.config.source.yaml.YamlConfigurationSource.loadAndRegister(YamlConfigurationSource.java:114)
	at info.magnolia.config.source.yaml.AbstractFileResourceConfigurationSource.lambda$start$2(AbstractFileResourceConfigurationSource.java:164)
	at info.magnolia.resourceloader.layered.LayeredResourceOrigin$RelayingChangeHandler.onResourceChanged(LayeredResourceOrigin.java:285)
	at info.magnolia.resourceloader.AbstractResourceOrigin.dispatchResourceChange(AbstractResourceOrigin.java:132)
	at info.magnolia.resourceloader.file.FileWatcherCallback.dispatchResourceChange(FileWatcherCallback.java:117)
	at info.magnolia.resourceloader.file.FileWatcherCallback.modified(FileWatcherCallback.java:88)
	at info.magnolia.dirwatch.DirectoryWatcher.processEvent(DirectoryWatcher.java:307)
	at info.magnolia.dirwatch.DirectoryWatcher.run(DirectoryWatcher.java:253)
	at java.util.concurrent.Executors$RunnableAdapter.call(Executors.java:511)
	at java.util.concurrent.FutureTask.run(FutureTask.java:266)
	at java.util.concurrent.ThreadPoolExecutor.runWorker(ThreadPoolExecutor.java:1149)
	at java.util.concurrent.ThreadPoolExecutor$Worker.run(ThreadPoolExecutor.java:624)
	at java.lang.Thread.run(Thread.java:748)
ERROR  info.magnolia.config.source.yaml.YamlConfigurationSource 12.04.2018 15:41:22 -- 1 severe problems have been encountered:
ERROR  info.magnolia.config.source.yaml.YamlConfigurationSource 12.04.2018 15:41:22 -- 
Severity type:   SEVERE 
Title:           /: [Definition resolution] - Parsing configuration data from [/internet-banking/dialogs/components/banner.yaml] failed 
Problem details: Failed to parse YAML file:
Resource not found: No resource found for path /internet-banking/dialogs/common/default-dialog-actions.yaml in origin layered
info.magnolia.resourceloader.ResourceOrigin$ResourceNotFoundException: No resource found for path /internet-banking/dialogs/common/default-dialog-actions.yaml in origin layered
	at info.magnolia.resourceloader.layered.LayeredResourceOrigin.getByPath(LayeredResourceOrigin.java:111)
	at info.magnolia.resourceloader.layered.LayeredResourceOrigin.getByPath(LayeredResourceOrigin.java:73)
	at info.magnolia.config.source.yaml.dependency.YamlFileDependency.getResource(YamlFileDependency.java:103)
	at info.magnolia.config.source.yaml.dependency.YamlFileDependency.readData(YamlFileDependency.java:85)
	at info.magnolia.config.source.yaml.construct.IncludeYamlFile.construct(IncludeYamlFile.java:86)
	at org.yaml.snakeyaml.constructor.BaseConstructor.constructObject(BaseConstructor.java:182)
	at org.yaml.snakeyaml.constructor.BaseConstructor.constructMapping2ndStep(BaseConstructor.java:325)
	at org.yaml.snakeyaml.constructor.SafeConstructor.constructMapping2ndStep(SafeConstructor.java:145)
	at org.yaml.snakeyaml.constructor.BaseConstructor.constructMapping(BaseConstructor.java:306)
	at org.yaml.snakeyaml.constructor.SafeConstructor$ConstructYamlMap.construct(SafeConstructor.java:461)
	at org.yaml.snakeyaml.constructor.BaseConstructor.constructObject(BaseConstructor.java:182)
	at org.yaml.snakeyaml.constructor.BaseConstructor.constructDocument(BaseConstructor.java:141)
	at org.yaml.snakeyaml.constructor.BaseConstructor.getSingleData(BaseConstructor.java:127)
	at org.yaml.snakeyaml.Yaml.loadFromReader(Yaml.java:481)
	at org.yaml.snakeyaml.Yaml.load(Yaml.java:424)
	at info.magnolia.config.source.yaml.YamlReader.doReadWithDependencies(YamlReader.java:84)
	at info.magnolia.config.source.yaml.YamlReader.readWithDependencies(YamlReader.java:76)
	at info.magnolia.config.source.yaml.YamlDefinitionProvider.resolve(YamlDefinitionProvider.java:158)
	at info.magnolia.config.source.yaml.YamlDefinitionProvider.getDelegate(YamlDefinitionProvider.java:128)
	at info.magnolia.config.registry.AbstractDefinitionProviderWrapper.getMetadata(AbstractDefinitionProviderWrapper.java:56)
	at info.magnolia.config.registry.AbstractDefinitionProviderWrapper.getMetadata(AbstractDefinitionProviderWrapper.java:56)
	at info.magnolia.config.registry.RegistryMap.asStringKey(RegistryMap.java:147)
	at info.magnolia.config.registry.RegistryMap.put(RegistryMap.java:94)
	at info.magnolia.config.registry.AbstractRegistry.register(AbstractRegistry.java:91)
	at info.magnolia.config.source.yaml.YamlConfigurationSource.loadAndRegister(YamlConfigurationSource.java:114)
	at info.magnolia.config.source.yaml.AbstractFileResourceConfigurationSource.lambda$start$2(AbstractFileResourceConfigurationSource.java:164)
	at info.magnolia.resourceloader.layered.LayeredResourceOrigin$RelayingChangeHandler.onResourceChanged(LayeredResourceOrigin.java:291)
	at info.magnolia.resourceloader.AbstractResourceOrigin.dispatchResourceChange(AbstractResourceOrigin.java:132)
	at info.magnolia.resourceloader.file.FileWatcherCallback.dispatchResourceChange(FileWatcherCallback.java:117)
	at info.magnolia.resourceloader.file.FileWatcherCallback.added(FileWatcherCallback.java:77)
	at info.magnolia.dirwatch.DirectoryWatcher.processEvent(DirectoryWatcher.java:303)
	at info.magnolia.dirwatch.DirectoryWatcher.run(DirectoryWatcher.java:253)
	at java.util.concurrent.Executors$RunnableAdapter.call(Executors.java:511)
	at java.util.concurrent.FutureTask.run(FutureTask.java:266)
	at java.util.concurrent.ThreadPoolExecutor.runWorker(ThreadPoolExecutor.java:1149)
	at java.util.concurrent.ThreadPoolExecutor$Worker.run(ThreadPoolExecutor.java:624)
	at java.lang.Thread.run(Thread.java:748)
ERROR  info.magnolia.ui.dialog.formdialog.FormDialogPresenterImpl 12.04.2018 15:42:36 -- An error occurred while executing an action.
info.magnolia.ui.api.action.ActionExecutionException: Action execution failed for action: commit
	at info.magnolia.ui.api.action.AbstractActionExecutor.execute(AbstractActionExecutor.java:64)
	at info.magnolia.ui.dialog.BaseDialogPresenter.executeAction(BaseDialogPresenter.java:211)
	at info.magnolia.ui.dialog.BaseDialogPresenter.onActionFired(BaseDialogPresenter.java:201)
	at info.magnolia.ui.dialog.actionarea.renderer.DefaultEditorActionRenderer$DefaultActionView$1.buttonClick(DefaultEditorActionRenderer.java:75)
	at sun.reflect.NativeMethodAccessorImpl.invoke0(Native Method)
	at sun.reflect.NativeMethodAccessorImpl.invoke(NativeMethodAccessorImpl.java:62)
	at sun.reflect.DelegatingMethodAccessorImpl.invoke(DelegatingMethodAccessorImpl.java:43)
	at java.lang.reflect.Method.invoke(Method.java:498)
	at com.vaadin.event.ListenerMethod.receiveEvent(ListenerMethod.java:508)
	at com.vaadin.event.EventRouter.fireEvent(EventRouter.java:198)
	at com.vaadin.event.EventRouter.fireEvent(EventRouter.java:161)
	at com.vaadin.server.AbstractClientConnector.fireEvent(AbstractClientConnector.java:1008)
	at com.vaadin.ui.Button.fireClick(Button.java:377)
	at com.vaadin.ui.Button$1.click(Button.java:54)
	at sun.reflect.NativeMethodAccessorImpl.invoke0(Native Method)
	at sun.reflect.NativeMethodAccessorImpl.invoke(NativeMethodAccessorImpl.java:62)
	at sun.reflect.DelegatingMethodAccessorImpl.invoke(DelegatingMethodAccessorImpl.java:43)
	at java.lang.reflect.Method.invoke(Method.java:498)
	at com.vaadin.server.ServerRpcManager.applyInvocation(ServerRpcManager.java:158)
	at com.vaadin.server.ServerRpcManager.applyInvocation(ServerRpcManager.java:118)
	at com.vaadin.server.communication.ServerRpcHandler.handleInvocation(ServerRpcHandler.java:437)
	at com.vaadin.server.communication.ServerRpcHandler.handleInvocations(ServerRpcHandler.java:408)
	at com.vaadin.server.communication.ServerRpcHandler.handleRpc(ServerRpcHandler.java:273)
	at com.vaadin.server.communication.UidlRequestHandler.synchronizedHandleRequest(UidlRequestHandler.java:90)
	at com.vaadin.server.SynchronizedRequestHandler.handleRequest(SynchronizedRequestHandler.java:41)
	at com.vaadin.server.VaadinService.handleRequest(VaadinService.java:1414)
	at com.vaadin.server.VaadinServlet.service(VaadinServlet.java:365)
	at info.magnolia.ui.admincentral.AdmincentralVaadinServlet.service(AdmincentralVaadinServlet.java:147)
	at javax.servlet.http.HttpServlet.service(HttpServlet.java:729)
	at info.magnolia.cms.filters.ServletDispatchingFilter.doFilter(ServletDispatchingFilter.java:148)
	at info.magnolia.cms.filters.AbstractMgnlFilter.doFilter(AbstractMgnlFilter.java:85)
	at info.magnolia.cms.filters.MgnlFilterChain.doFilter(MgnlFilterChain.java:79)
	at info.magnolia.cms.filters.MgnlFilterChain.doFilter(MgnlFilterChain.java:81)
	at info.magnolia.cms.filters.MgnlFilterChain.doFilter(MgnlFilterChain.java:81)
	at info.magnolia.cms.filters.MgnlFilterChain.doFilter(MgnlFilterChain.java:81)
	at info.magnolia.cms.filters.MgnlFilterChain.doFilter(MgnlFilterChain.java:81)
	at info.magnolia.cms.filters.CompositeFilter.doFilter(CompositeFilter.java:65)
	at info.magnolia.cms.filters.AbstractMgnlFilter.doFilter(AbstractMgnlFilter.java:85)
	at info.magnolia.cms.filters.MgnlFilterChain.doFilter(MgnlFilterChain.java:79)
	at info.magnolia.virtualuri.VirtualUriFilter.doFilter(VirtualUriFilter.java:98)
	at info.magnolia.cms.filters.AbstractMgnlFilter.doFilter(AbstractMgnlFilter.java:85)
	at info.magnolia.cms.filters.MgnlFilterChain.doFilter(MgnlFilterChain.java:79)
	at info.magnolia.module.cache.executor.Bypass.processCacheRequest(Bypass.java:58)
	at info.magnolia.module.cache.executor.CompositeExecutor.processCacheRequest(CompositeExecutor.java:67)
	at info.magnolia.module.cache.filter.CacheFilter.doFilter(CacheFilter.java:220)
	at info.magnolia.cms.filters.AbstractMgnlFilter.doFilter(AbstractMgnlFilter.java:85)
	at info.magnolia.cms.filters.MgnlFilterChain.doFilter(MgnlFilterChain.java:79)
	at info.magnolia.cms.i18n.I18nContentSupportFilter.doFilter(I18nContentSupportFilter.java:89)
	at info.magnolia.cms.filters.AbstractMgnlFilter.doFilter(AbstractMgnlFilter.java:85)
	at info.magnolia.cms.filters.MgnlFilterChain.doFilter(MgnlFilterChain.java:79)
	at info.magnolia.cms.filters.RangeSupportFilter.doFilter(RangeSupportFilter.java:77)
	at info.magnolia.cms.filters.AbstractMgnlFilter.doFilter(AbstractMgnlFilter.java:85)
	at info.magnolia.cms.filters.MgnlFilterChain.doFilter(MgnlFilterChain.java:79)
	at info.magnolia.cms.filters.MgnlFilterChain.doFilter(MgnlFilterChain.java:81)
	at info.magnolia.cms.security.BaseSecurityFilter.doFilter(BaseSecurityFilter.java:57)
	at info.magnolia.cms.filters.AbstractMgnlFilter.doFilter(AbstractMgnlFilter.java:85)
	at info.magnolia.cms.filters.MgnlFilterChain.doFilter(MgnlFilterChain.java:79)
	at info.magnolia.cms.filters.MgnlFilterChain.doFilter(MgnlFilterChain.java:81)
	at info.magnolia.cms.security.SecurityCallbackFilter.doFilter(SecurityCallbackFilter.java:84)
	at info.magnolia.cms.filters.OncePerRequestAbstractMgnlFilter.doFilter(OncePerRequestAbstractMgnlFilter.java:59)
	at info.magnolia.cms.filters.MgnlFilterChain.doFilter(MgnlFilterChain.java:79)
	at info.magnolia.cms.security.LogoutFilter.doFilter(LogoutFilter.java:94)
	at info.magnolia.cms.filters.OncePerRequestAbstractMgnlFilter.doFilter(OncePerRequestAbstractMgnlFilter.java:59)
	at info.magnolia.cms.filters.MgnlFilterChain.doFilter(MgnlFilterChain.java:79)
	at info.magnolia.module.site.filters.SiteMergeFilter.doFilter(SiteMergeFilter.java:119)
	at info.magnolia.cms.filters.AbstractMgnlFilter.doFilter(AbstractMgnlFilter.java:85)
	at info.magnolia.cms.filters.MgnlFilterChain.doFilter(MgnlFilterChain.java:79)
	at info.magnolia.cms.filters.MultiChannelFilter.doFilter(MultiChannelFilter.java:83)
	at info.magnolia.cms.filters.AbstractMgnlFilter.doFilter(AbstractMgnlFilter.java:85)
	at info.magnolia.cms.filters.MgnlFilterChain.doFilter(MgnlFilterChain.java:79)
	at info.magnolia.module.cache.filter.GZipFilter.doFilter(GZipFilter.java:73)
	at info.magnolia.cms.filters.OncePerRequestAbstractMgnlFilter.doFilter(OncePerRequestAbstractMgnlFilter.java:59)
	at info.magnolia.cms.filters.MgnlFilterChain.doFilter(MgnlFilterChain.java:79)
	at info.magnolia.cms.filters.MgnlFilterChain.doFilter(MgnlFilterChain.java:81)
	at info.magnolia.cms.security.auth.login.LoginFilter.doFilter(LoginFilter.java:127)
	at info.magnolia.cms.filters.AbstractMgnlFilter.doFilter(AbstractMgnlFilter.java:85)
	at info.magnolia.cms.filters.MgnlFilterChain.doFilter(MgnlFilterChain.java:79)
	at info.magnolia.cms.filters.MgnlFilterChain.doFilter(MgnlFilterChain.java:81)
	at info.magnolia.cms.filters.MgnlFilterChain.doFilter(MgnlFilterChain.java:81)
	at info.magnolia.cms.filters.ContentTypeFilter.doFilter(ContentTypeFilter.java:155)
	at info.magnolia.cms.filters.AbstractMgnlFilter.doFilter(AbstractMgnlFilter.java:85)
	at info.magnolia.cms.filters.MgnlFilterChain.doFilter(MgnlFilterChain.java:79)
	at info.magnolia.cms.filters.ContextFilter.doFilter(ContextFilter.java:128)
	at info.magnolia.cms.filters.AbstractMgnlFilter.doFilter(AbstractMgnlFilter.java:85)
	at info.magnolia.cms.filters.MgnlFilterChain.doFilter(MgnlFilterChain.java:79)
	at info.magnolia.cms.filters.CompositeFilter.doFilter(CompositeFilter.java:65)
	at info.magnolia.cms.filters.AbstractMgnlFilter.doFilter(AbstractMgnlFilter.java:85)
	at info.magnolia.cms.filters.SafeDestroyMgnlFilterWrapper.doFilter(SafeDestroyMgnlFilterWrapper.java:107)
	at info.magnolia.cms.filters.MgnlFilterDispatcher.doDispatch(MgnlFilterDispatcher.java:67)
	at info.magnolia.cms.filters.MgnlMainFilter.doFilter(MgnlMainFilter.java:108)
	at info.magnolia.cms.filters.MgnlMainFilter.doFilter(MgnlMainFilter.java:94)
	at org.apache.catalina.core.ApplicationFilterChain.internalDoFilter(ApplicationFilterChain.java:192)
	at org.apache.catalina.core.ApplicationFilterChain.doFilter(ApplicationFilterChain.java:165)
	at org.apache.catalina.core.StandardWrapperValve.invoke(StandardWrapperValve.java:198)
	at org.apache.catalina.core.StandardContextValve.invoke(StandardContextValve.java:108)
	at org.apache.catalina.core.StandardHostValve.invoke(StandardHostValve.java:140)
	at org.apache.catalina.valves.ErrorReportValve.invoke(ErrorReportValve.java:79)
	at org.apache.catalina.valves.AbstractAccessLogValve.invoke(AbstractAccessLogValve.java:620)
	at org.apache.catalina.core.StandardEngineValve.invoke(StandardEngineValve.java:87)
	at org.apache.catalina.connector.CoyoteAdapter.service(CoyoteAdapter.java:349)
	at org.apache.coyote.http11.Http11Processor.service(Http11Processor.java:784)
	at org.apache.coyote.AbstractProcessorLight.process(AbstractProcessorLight.java:66)
	at org.apache.coyote.AbstractProtocol$ConnectionHandler.process(AbstractProtocol.java:802)
	at org.apache.tomcat.util.net.NioEndpoint$SocketProcessor.doRun(NioEndpoint.java:1410)
	at org.apache.tomcat.util.net.SocketProcessorBase.run(SocketProcessorBase.java:49)
	at java.util.concurrent.ThreadPoolExecutor.runWorker(ThreadPoolExecutor.java:1149)
	at java.util.concurrent.ThreadPoolExecutor$Worker.run(ThreadPoolExecutor.java:624)
	at org.apache.tomcat.util.threads.TaskThread$WrappingRunnable.run(TaskThread.java:61)
	at java.lang.Thread.run(Thread.java:748)
Caused by: info.magnolia.config.registry.Registry$InvalidDefinitionException: internet-banking:pages/main
	at info.magnolia.config.registry.DefinitionProviderBuilder$DefinitionProviderImpl.get(DefinitionProviderBuilder.java:218)
	at info.magnolia.config.registry.AbstractDefinitionProviderWrapper.get(AbstractDefinitionProviderWrapper.java:61)
	at info.magnolia.config.registry.AbstractDefinitionProviderWrapper.get(AbstractDefinitionProviderWrapper.java:61)
	at info.magnolia.ui.dialog.registry.DialogDefinitionRegistry$1.get(DialogDefinitionRegistry.java:88)
	at info.magnolia.ui.dialog.registry.DialogDefinitionRegistry$1.get(DialogDefinitionRegistry.java:85)
	at info.magnolia.ui.dialog.formdialog.FormDialogPresenterFactoryImpl.createFormDialogPresenter(FormDialogPresenterFactoryImpl.java:67)
	at info.magnolia.pages.app.action.CreatePageAction.execute(CreatePageAction.java:95)
	at info.magnolia.ui.api.action.AbstractActionExecutor.execute(AbstractActionExecutor.java:62)
	... 108 more
ERROR  info.magnolia.ui.dialog.formdialog.FormDialogPresenterImpl 12.04.2018 15:43:51 -- An error occurred while executing an action.
info.magnolia.ui.api.action.ActionExecutionException: Action execution failed for action: commit
	at info.magnolia.ui.api.action.AbstractActionExecutor.execute(AbstractActionExecutor.java:64)
	at info.magnolia.ui.dialog.BaseDialogPresenter.executeAction(BaseDialogPresenter.java:211)
	at info.magnolia.ui.dialog.BaseDialogPresenter.onActionFired(BaseDialogPresenter.java:201)
	at info.magnolia.ui.dialog.actionarea.renderer.DefaultEditorActionRenderer$DefaultActionView$1.buttonClick(DefaultEditorActionRenderer.java:75)
	at sun.reflect.NativeMethodAccessorImpl.invoke0(Native Method)
	at sun.reflect.NativeMethodAccessorImpl.invoke(NativeMethodAccessorImpl.java:62)
	at sun.reflect.DelegatingMethodAccessorImpl.invoke(DelegatingMethodAccessorImpl.java:43)
	at java.lang.reflect.Method.invoke(Method.java:498)
	at com.vaadin.event.ListenerMethod.receiveEvent(ListenerMethod.java:508)
	at com.vaadin.event.EventRouter.fireEvent(EventRouter.java:198)
	at com.vaadin.event.EventRouter.fireEvent(EventRouter.java:161)
	at com.vaadin.server.AbstractClientConnector.fireEvent(AbstractClientConnector.java:1008)
	at com.vaadin.ui.Button.fireClick(Button.java:377)
	at com.vaadin.ui.Button$1.click(Button.java:54)
	at sun.reflect.NativeMethodAccessorImpl.invoke0(Native Method)
	at sun.reflect.NativeMethodAccessorImpl.invoke(NativeMethodAccessorImpl.java:62)
	at sun.reflect.DelegatingMethodAccessorImpl.invoke(DelegatingMethodAccessorImpl.java:43)
	at java.lang.reflect.Method.invoke(Method.java:498)
	at com.vaadin.server.ServerRpcManager.applyInvocation(ServerRpcManager.java:158)
	at com.vaadin.server.ServerRpcManager.applyInvocation(ServerRpcManager.java:118)
	at com.vaadin.server.communication.ServerRpcHandler.handleInvocation(ServerRpcHandler.java:437)
	at com.vaadin.server.communication.ServerRpcHandler.handleInvocations(ServerRpcHandler.java:408)
	at com.vaadin.server.communication.ServerRpcHandler.handleRpc(ServerRpcHandler.java:273)
	at com.vaadin.server.communication.UidlRequestHandler.synchronizedHandleRequest(UidlRequestHandler.java:90)
	at com.vaadin.server.SynchronizedRequestHandler.handleRequest(SynchronizedRequestHandler.java:41)
	at com.vaadin.server.VaadinService.handleRequest(VaadinService.java:1414)
	at com.vaadin.server.VaadinServlet.service(VaadinServlet.java:365)
	at info.magnolia.ui.admincentral.AdmincentralVaadinServlet.service(AdmincentralVaadinServlet.java:147)
	at javax.servlet.http.HttpServlet.service(HttpServlet.java:729)
	at info.magnolia.cms.filters.ServletDispatchingFilter.doFilter(ServletDispatchingFilter.java:148)
	at info.magnolia.cms.filters.AbstractMgnlFilter.doFilter(AbstractMgnlFilter.java:85)
	at info.magnolia.cms.filters.MgnlFilterChain.doFilter(MgnlFilterChain.java:79)
	at info.magnolia.cms.filters.MgnlFilterChain.doFilter(MgnlFilterChain.java:81)
	at info.magnolia.cms.filters.MgnlFilterChain.doFilter(MgnlFilterChain.java:81)
	at info.magnolia.cms.filters.MgnlFilterChain.doFilter(MgnlFilterChain.java:81)
	at info.magnolia.cms.filters.MgnlFilterChain.doFilter(MgnlFilterChain.java:81)
	at info.magnolia.cms.filters.CompositeFilter.doFilter(CompositeFilter.java:65)
	at info.magnolia.cms.filters.AbstractMgnlFilter.doFilter(AbstractMgnlFilter.java:85)
	at info.magnolia.cms.filters.MgnlFilterChain.doFilter(MgnlFilterChain.java:79)
	at info.magnolia.virtualuri.VirtualUriFilter.doFilter(VirtualUriFilter.java:98)
	at info.magnolia.cms.filters.AbstractMgnlFilter.doFilter(AbstractMgnlFilter.java:85)
	at info.magnolia.cms.filters.MgnlFilterChain.doFilter(MgnlFilterChain.java:79)
	at info.magnolia.module.cache.executor.Bypass.processCacheRequest(Bypass.java:58)
	at info.magnolia.module.cache.executor.CompositeExecutor.processCacheRequest(CompositeExecutor.java:67)
	at info.magnolia.module.cache.filter.CacheFilter.doFilter(CacheFilter.java:220)
	at info.magnolia.cms.filters.AbstractMgnlFilter.doFilter(AbstractMgnlFilter.java:85)
	at info.magnolia.cms.filters.MgnlFilterChain.doFilter(MgnlFilterChain.java:79)
	at info.magnolia.cms.i18n.I18nContentSupportFilter.doFilter(I18nContentSupportFilter.java:89)
	at info.magnolia.cms.filters.AbstractMgnlFilter.doFilter(AbstractMgnlFilter.java:85)
	at info.magnolia.cms.filters.MgnlFilterChain.doFilter(MgnlFilterChain.java:79)
	at info.magnolia.cms.filters.RangeSupportFilter.doFilter(RangeSupportFilter.java:77)
	at info.magnolia.cms.filters.AbstractMgnlFilter.doFilter(AbstractMgnlFilter.java:85)
	at info.magnolia.cms.filters.MgnlFilterChain.doFilter(MgnlFilterChain.java:79)
	at info.magnolia.cms.filters.MgnlFilterChain.doFilter(MgnlFilterChain.java:81)
	at info.magnolia.cms.security.BaseSecurityFilter.doFilter(BaseSecurityFilter.java:57)
	at info.magnolia.cms.filters.AbstractMgnlFilter.doFilter(AbstractMgnlFilter.java:85)
	at info.magnolia.cms.filters.MgnlFilterChain.doFilter(MgnlFilterChain.java:79)
	at info.magnolia.cms.filters.MgnlFilterChain.doFilter(MgnlFilterChain.java:81)
	at info.magnolia.cms.security.SecurityCallbackFilter.doFilter(SecurityCallbackFilter.java:84)
	at info.magnolia.cms.filters.OncePerRequestAbstractMgnlFilter.doFilter(OncePerRequestAbstractMgnlFilter.java:59)
	at info.magnolia.cms.filters.MgnlFilterChain.doFilter(MgnlFilterChain.java:79)
	at info.magnolia.cms.security.LogoutFilter.doFilter(LogoutFilter.java:94)
	at info.magnolia.cms.filters.OncePerRequestAbstractMgnlFilter.doFilter(OncePerRequestAbstractMgnlFilter.java:59)
	at info.magnolia.cms.filters.MgnlFilterChain.doFilter(MgnlFilterChain.java:79)
	at info.magnolia.module.site.filters.SiteMergeFilter.doFilter(SiteMergeFilter.java:119)
	at info.magnolia.cms.filters.AbstractMgnlFilter.doFilter(AbstractMgnlFilter.java:85)
	at info.magnolia.cms.filters.MgnlFilterChain.doFilter(MgnlFilterChain.java:79)
	at info.magnolia.cms.filters.MultiChannelFilter.doFilter(MultiChannelFilter.java:83)
	at info.magnolia.cms.filters.AbstractMgnlFilter.doFilter(AbstractMgnlFilter.java:85)
	at info.magnolia.cms.filters.MgnlFilterChain.doFilter(MgnlFilterChain.java:79)
	at info.magnolia.module.cache.filter.GZipFilter.doFilter(GZipFilter.java:73)
	at info.magnolia.cms.filters.OncePerRequestAbstractMgnlFilter.doFilter(OncePerRequestAbstractMgnlFilter.java:59)
	at info.magnolia.cms.filters.MgnlFilterChain.doFilter(MgnlFilterChain.java:79)
	at info.magnolia.cms.filters.MgnlFilterChain.doFilter(MgnlFilterChain.java:81)
	at info.magnolia.cms.security.auth.login.LoginFilter.doFilter(LoginFilter.java:127)
	at info.magnolia.cms.filters.AbstractMgnlFilter.doFilter(AbstractMgnlFilter.java:85)
	at info.magnolia.cms.filters.MgnlFilterChain.doFilter(MgnlFilterChain.java:79)
	at info.magnolia.cms.filters.MgnlFilterChain.doFilter(MgnlFilterChain.java:81)
	at info.magnolia.cms.filters.MgnlFilterChain.doFilter(MgnlFilterChain.java:81)
	at info.magnolia.cms.filters.ContentTypeFilter.doFilter(ContentTypeFilter.java:155)
	at info.magnolia.cms.filters.AbstractMgnlFilter.doFilter(AbstractMgnlFilter.java:85)
	at info.magnolia.cms.filters.MgnlFilterChain.doFilter(MgnlFilterChain.java:79)
	at info.magnolia.cms.filters.ContextFilter.doFilter(ContextFilter.java:128)
	at info.magnolia.cms.filters.AbstractMgnlFilter.doFilter(AbstractMgnlFilter.java:85)
	at info.magnolia.cms.filters.MgnlFilterChain.doFilter(MgnlFilterChain.java:79)
	at info.magnolia.cms.filters.CompositeFilter.doFilter(CompositeFilter.java:65)
	at info.magnolia.cms.filters.AbstractMgnlFilter.doFilter(AbstractMgnlFilter.java:85)
	at info.magnolia.cms.filters.SafeDestroyMgnlFilterWrapper.doFilter(SafeDestroyMgnlFilterWrapper.java:107)
	at info.magnolia.cms.filters.MgnlFilterDispatcher.doDispatch(MgnlFilterDispatcher.java:67)
	at info.magnolia.cms.filters.MgnlMainFilter.doFilter(MgnlMainFilter.java:108)
	at info.magnolia.cms.filters.MgnlMainFilter.doFilter(MgnlMainFilter.java:94)
	at org.apache.catalina.core.ApplicationFilterChain.internalDoFilter(ApplicationFilterChain.java:192)
	at org.apache.catalina.core.ApplicationFilterChain.doFilter(ApplicationFilterChain.java:165)
	at org.apache.catalina.core.StandardWrapperValve.invoke(StandardWrapperValve.java:198)
	at org.apache.catalina.core.StandardContextValve.invoke(StandardContextValve.java:108)
	at org.apache.catalina.core.StandardHostValve.invoke(StandardHostValve.java:140)
	at org.apache.catalina.valves.ErrorReportValve.invoke(ErrorReportValve.java:79)
	at org.apache.catalina.valves.AbstractAccessLogValve.invoke(AbstractAccessLogValve.java:620)
	at org.apache.catalina.core.StandardEngineValve.invoke(StandardEngineValve.java:87)
	at org.apache.catalina.connector.CoyoteAdapter.service(CoyoteAdapter.java:349)
	at org.apache.coyote.http11.Http11Processor.service(Http11Processor.java:784)
	at org.apache.coyote.AbstractProcessorLight.process(AbstractProcessorLight.java:66)
	at org.apache.coyote.AbstractProtocol$ConnectionHandler.process(AbstractProtocol.java:802)
	at org.apache.tomcat.util.net.NioEndpoint$SocketProcessor.doRun(NioEndpoint.java:1410)
	at org.apache.tomcat.util.net.SocketProcessorBase.run(SocketProcessorBase.java:49)
	at java.util.concurrent.ThreadPoolExecutor.runWorker(ThreadPoolExecutor.java:1149)
	at java.util.concurrent.ThreadPoolExecutor$Worker.run(ThreadPoolExecutor.java:624)
	at org.apache.tomcat.util.threads.TaskThread$WrappingRunnable.run(TaskThread.java:61)
	at java.lang.Thread.run(Thread.java:748)
Caused by: info.magnolia.config.registry.Registry$InvalidDefinitionException: internet-banking:pages/main
	at info.magnolia.config.registry.DefinitionProviderBuilder$DefinitionProviderImpl.get(DefinitionProviderBuilder.java:218)
	at info.magnolia.config.registry.AbstractDefinitionProviderWrapper.get(AbstractDefinitionProviderWrapper.java:61)
	at info.magnolia.config.registry.AbstractDefinitionProviderWrapper.get(AbstractDefinitionProviderWrapper.java:61)
	at info.magnolia.ui.dialog.registry.DialogDefinitionRegistry$1.get(DialogDefinitionRegistry.java:88)
	at info.magnolia.ui.dialog.registry.DialogDefinitionRegistry$1.get(DialogDefinitionRegistry.java:85)
	at info.magnolia.ui.dialog.formdialog.FormDialogPresenterFactoryImpl.createFormDialogPresenter(FormDialogPresenterFactoryImpl.java:67)
	at info.magnolia.pages.app.action.CreatePageAction.execute(CreatePageAction.java:95)
	at info.magnolia.ui.api.action.AbstractActionExecutor.execute(AbstractActionExecutor.java:62)
	... 108 more
ERROR  info.magnolia.ui.dialog.formdialog.FormDialogPresenterImpl 12.04.2018 15:45:38 -- An error occurred while executing an action.
info.magnolia.ui.api.action.ActionExecutionException: Action execution failed for action: commit
	at info.magnolia.ui.api.action.AbstractActionExecutor.execute(AbstractActionExecutor.java:64)
	at info.magnolia.ui.dialog.BaseDialogPresenter.executeAction(BaseDialogPresenter.java:211)
	at info.magnolia.ui.dialog.BaseDialogPresenter.onActionFired(BaseDialogPresenter.java:201)
	at info.magnolia.ui.dialog.actionarea.renderer.DefaultEditorActionRenderer$DefaultActionView$1.buttonClick(DefaultEditorActionRenderer.java:75)
	at sun.reflect.NativeMethodAccessorImpl.invoke0(Native Method)
	at sun.reflect.NativeMethodAccessorImpl.invoke(NativeMethodAccessorImpl.java:62)
	at sun.reflect.DelegatingMethodAccessorImpl.invoke(DelegatingMethodAccessorImpl.java:43)
	at java.lang.reflect.Method.invoke(Method.java:498)
	at com.vaadin.event.ListenerMethod.receiveEvent(ListenerMethod.java:508)
	at com.vaadin.event.EventRouter.fireEvent(EventRouter.java:198)
	at com.vaadin.event.EventRouter.fireEvent(EventRouter.java:161)
	at com.vaadin.server.AbstractClientConnector.fireEvent(AbstractClientConnector.java:1008)
	at com.vaadin.ui.Button.fireClick(Button.java:377)
	at com.vaadin.ui.Button$1.click(Button.java:54)
	at sun.reflect.NativeMethodAccessorImpl.invoke0(Native Method)
	at sun.reflect.NativeMethodAccessorImpl.invoke(NativeMethodAccessorImpl.java:62)
	at sun.reflect.DelegatingMethodAccessorImpl.invoke(DelegatingMethodAccessorImpl.java:43)
	at java.lang.reflect.Method.invoke(Method.java:498)
	at com.vaadin.server.ServerRpcManager.applyInvocation(ServerRpcManager.java:158)
	at com.vaadin.server.ServerRpcManager.applyInvocation(ServerRpcManager.java:118)
	at com.vaadin.server.communication.ServerRpcHandler.handleInvocation(ServerRpcHandler.java:437)
	at com.vaadin.server.communication.ServerRpcHandler.handleInvocations(ServerRpcHandler.java:408)
	at com.vaadin.server.communication.ServerRpcHandler.handleRpc(ServerRpcHandler.java:273)
	at com.vaadin.server.communication.UidlRequestHandler.synchronizedHandleRequest(UidlRequestHandler.java:90)
	at com.vaadin.server.SynchronizedRequestHandler.handleRequest(SynchronizedRequestHandler.java:41)
	at com.vaadin.server.VaadinService.handleRequest(VaadinService.java:1414)
	at com.vaadin.server.VaadinServlet.service(VaadinServlet.java:365)
	at info.magnolia.ui.admincentral.AdmincentralVaadinServlet.service(AdmincentralVaadinServlet.java:147)
	at javax.servlet.http.HttpServlet.service(HttpServlet.java:729)
	at info.magnolia.cms.filters.ServletDispatchingFilter.doFilter(ServletDispatchingFilter.java:148)
	at info.magnolia.cms.filters.AbstractMgnlFilter.doFilter(AbstractMgnlFilter.java:85)
	at info.magnolia.cms.filters.MgnlFilterChain.doFilter(MgnlFilterChain.java:79)
	at info.magnolia.cms.filters.MgnlFilterChain.doFilter(MgnlFilterChain.java:81)
	at info.magnolia.cms.filters.MgnlFilterChain.doFilter(MgnlFilterChain.java:81)
	at info.magnolia.cms.filters.MgnlFilterChain.doFilter(MgnlFilterChain.java:81)
	at info.magnolia.cms.filters.MgnlFilterChain.doFilter(MgnlFilterChain.java:81)
	at info.magnolia.cms.filters.CompositeFilter.doFilter(CompositeFilter.java:65)
	at info.magnolia.cms.filters.AbstractMgnlFilter.doFilter(AbstractMgnlFilter.java:85)
	at info.magnolia.cms.filters.MgnlFilterChain.doFilter(MgnlFilterChain.java:79)
	at info.magnolia.virtualuri.VirtualUriFilter.doFilter(VirtualUriFilter.java:98)
	at info.magnolia.cms.filters.AbstractMgnlFilter.doFilter(AbstractMgnlFilter.java:85)
	at info.magnolia.cms.filters.MgnlFilterChain.doFilter(MgnlFilterChain.java:79)
	at info.magnolia.module.cache.executor.Bypass.processCacheRequest(Bypass.java:58)
	at info.magnolia.module.cache.executor.CompositeExecutor.processCacheRequest(CompositeExecutor.java:67)
	at info.magnolia.module.cache.filter.CacheFilter.doFilter(CacheFilter.java:220)
	at info.magnolia.cms.filters.AbstractMgnlFilter.doFilter(AbstractMgnlFilter.java:85)
	at info.magnolia.cms.filters.MgnlFilterChain.doFilter(MgnlFilterChain.java:79)
	at info.magnolia.cms.i18n.I18nContentSupportFilter.doFilter(I18nContentSupportFilter.java:89)
	at info.magnolia.cms.filters.AbstractMgnlFilter.doFilter(AbstractMgnlFilter.java:85)
	at info.magnolia.cms.filters.MgnlFilterChain.doFilter(MgnlFilterChain.java:79)
	at info.magnolia.cms.filters.RangeSupportFilter.doFilter(RangeSupportFilter.java:77)
	at info.magnolia.cms.filters.AbstractMgnlFilter.doFilter(AbstractMgnlFilter.java:85)
	at info.magnolia.cms.filters.MgnlFilterChain.doFilter(MgnlFilterChain.java:79)
	at info.magnolia.cms.filters.MgnlFilterChain.doFilter(MgnlFilterChain.java:81)
	at info.magnolia.cms.security.BaseSecurityFilter.doFilter(BaseSecurityFilter.java:57)
	at info.magnolia.cms.filters.AbstractMgnlFilter.doFilter(AbstractMgnlFilter.java:85)
	at info.magnolia.cms.filters.MgnlFilterChain.doFilter(MgnlFilterChain.java:79)
	at info.magnolia.cms.filters.MgnlFilterChain.doFilter(MgnlFilterChain.java:81)
	at info.magnolia.cms.security.SecurityCallbackFilter.doFilter(SecurityCallbackFilter.java:84)
	at info.magnolia.cms.filters.OncePerRequestAbstractMgnlFilter.doFilter(OncePerRequestAbstractMgnlFilter.java:59)
	at info.magnolia.cms.filters.MgnlFilterChain.doFilter(MgnlFilterChain.java:79)
	at info.magnolia.cms.security.LogoutFilter.doFilter(LogoutFilter.java:94)
	at info.magnolia.cms.filters.OncePerRequestAbstractMgnlFilter.doFilter(OncePerRequestAbstractMgnlFilter.java:59)
	at info.magnolia.cms.filters.MgnlFilterChain.doFilter(MgnlFilterChain.java:79)
	at info.magnolia.module.site.filters.SiteMergeFilter.doFilter(SiteMergeFilter.java:119)
	at info.magnolia.cms.filters.AbstractMgnlFilter.doFilter(AbstractMgnlFilter.java:85)
	at info.magnolia.cms.filters.MgnlFilterChain.doFilter(MgnlFilterChain.java:79)
	at info.magnolia.cms.filters.MultiChannelFilter.doFilter(MultiChannelFilter.java:83)
	at info.magnolia.cms.filters.AbstractMgnlFilter.doFilter(AbstractMgnlFilter.java:85)
	at info.magnolia.cms.filters.MgnlFilterChain.doFilter(MgnlFilterChain.java:79)
	at info.magnolia.module.cache.filter.GZipFilter.doFilter(GZipFilter.java:73)
	at info.magnolia.cms.filters.OncePerRequestAbstractMgnlFilter.doFilter(OncePerRequestAbstractMgnlFilter.java:59)
	at info.magnolia.cms.filters.MgnlFilterChain.doFilter(MgnlFilterChain.java:79)
	at info.magnolia.cms.filters.MgnlFilterChain.doFilter(MgnlFilterChain.java:81)
	at info.magnolia.cms.security.auth.login.LoginFilter.doFilter(LoginFilter.java:127)
	at info.magnolia.cms.filters.AbstractMgnlFilter.doFilter(AbstractMgnlFilter.java:85)
	at info.magnolia.cms.filters.MgnlFilterChain.doFilter(MgnlFilterChain.java:79)
	at info.magnolia.cms.filters.MgnlFilterChain.doFilter(MgnlFilterChain.java:81)
	at info.magnolia.cms.filters.MgnlFilterChain.doFilter(MgnlFilterChain.java:81)
	at info.magnolia.cms.filters.ContentTypeFilter.doFilter(ContentTypeFilter.java:155)
	at info.magnolia.cms.filters.AbstractMgnlFilter.doFilter(AbstractMgnlFilter.java:85)
	at info.magnolia.cms.filters.MgnlFilterChain.doFilter(MgnlFilterChain.java:79)
	at info.magnolia.cms.filters.ContextFilter.doFilter(ContextFilter.java:128)
	at info.magnolia.cms.filters.AbstractMgnlFilter.doFilter(AbstractMgnlFilter.java:85)
	at info.magnolia.cms.filters.MgnlFilterChain.doFilter(MgnlFilterChain.java:79)
	at info.magnolia.cms.filters.CompositeFilter.doFilter(CompositeFilter.java:65)
	at info.magnolia.cms.filters.AbstractMgnlFilter.doFilter(AbstractMgnlFilter.java:85)
	at info.magnolia.cms.filters.SafeDestroyMgnlFilterWrapper.doFilter(SafeDestroyMgnlFilterWrapper.java:107)
	at info.magnolia.cms.filters.MgnlFilterDispatcher.doDispatch(MgnlFilterDispatcher.java:67)
	at info.magnolia.cms.filters.MgnlMainFilter.doFilter(MgnlMainFilter.java:108)
	at info.magnolia.cms.filters.MgnlMainFilter.doFilter(MgnlMainFilter.java:94)
	at org.apache.catalina.core.ApplicationFilterChain.internalDoFilter(ApplicationFilterChain.java:192)
	at org.apache.catalina.core.ApplicationFilterChain.doFilter(ApplicationFilterChain.java:165)
	at org.apache.catalina.core.StandardWrapperValve.invoke(StandardWrapperValve.java:198)
	at org.apache.catalina.core.StandardContextValve.invoke(StandardContextValve.java:108)
	at org.apache.catalina.core.StandardHostValve.invoke(StandardHostValve.java:140)
	at org.apache.catalina.valves.ErrorReportValve.invoke(ErrorReportValve.java:79)
	at org.apache.catalina.valves.AbstractAccessLogValve.invoke(AbstractAccessLogValve.java:620)
	at org.apache.catalina.core.StandardEngineValve.invoke(StandardEngineValve.java:87)
	at org.apache.catalina.connector.CoyoteAdapter.service(CoyoteAdapter.java:349)
	at org.apache.coyote.http11.Http11Processor.service(Http11Processor.java:784)
	at org.apache.coyote.AbstractProcessorLight.process(AbstractProcessorLight.java:66)
	at org.apache.coyote.AbstractProtocol$ConnectionHandler.process(AbstractProtocol.java:802)
	at org.apache.tomcat.util.net.NioEndpoint$SocketProcessor.doRun(NioEndpoint.java:1410)
	at org.apache.tomcat.util.net.SocketProcessorBase.run(SocketProcessorBase.java:49)
	at java.util.concurrent.ThreadPoolExecutor.runWorker(ThreadPoolExecutor.java:1149)
	at java.util.concurrent.ThreadPoolExecutor$Worker.run(ThreadPoolExecutor.java:624)
	at org.apache.tomcat.util.threads.TaskThread$WrappingRunnable.run(TaskThread.java:61)
	at java.lang.Thread.run(Thread.java:748)
Caused by: info.magnolia.config.registry.Registry$InvalidDefinitionException: internet-banking:pages/main
	at info.magnolia.config.registry.DefinitionProviderBuilder$DefinitionProviderImpl.get(DefinitionProviderBuilder.java:218)
	at info.magnolia.config.registry.AbstractDefinitionProviderWrapper.get(AbstractDefinitionProviderWrapper.java:61)
	at info.magnolia.config.registry.AbstractDefinitionProviderWrapper.get(AbstractDefinitionProviderWrapper.java:61)
	at info.magnolia.ui.dialog.registry.DialogDefinitionRegistry$1.get(DialogDefinitionRegistry.java:88)
	at info.magnolia.ui.dialog.registry.DialogDefinitionRegistry$1.get(DialogDefinitionRegistry.java:85)
	at info.magnolia.ui.dialog.formdialog.FormDialogPresenterFactoryImpl.createFormDialogPresenter(FormDialogPresenterFactoryImpl.java:67)
	at info.magnolia.pages.app.action.CreatePageAction.execute(CreatePageAction.java:95)
	at info.magnolia.ui.api.action.AbstractActionExecutor.execute(AbstractActionExecutor.java:62)
	... 108 more
ERROR  info.magnolia.ui.dialog.formdialog.FormDialogPresenterImpl 12.04.2018 15:47:59 -- An error occurred while executing an action.
info.magnolia.ui.api.action.ActionExecutionException: Action execution failed for action: commit
	at info.magnolia.ui.api.action.AbstractActionExecutor.execute(AbstractActionExecutor.java:64)
	at info.magnolia.ui.dialog.BaseDialogPresenter.executeAction(BaseDialogPresenter.java:211)
	at info.magnolia.ui.dialog.BaseDialogPresenter.onActionFired(BaseDialogPresenter.java:201)
	at info.magnolia.ui.dialog.actionarea.renderer.DefaultEditorActionRenderer$DefaultActionView$1.buttonClick(DefaultEditorActionRenderer.java:75)
	at sun.reflect.NativeMethodAccessorImpl.invoke0(Native Method)
	at sun.reflect.NativeMethodAccessorImpl.invoke(NativeMethodAccessorImpl.java:62)
	at sun.reflect.DelegatingMethodAccessorImpl.invoke(DelegatingMethodAccessorImpl.java:43)
	at java.lang.reflect.Method.invoke(Method.java:498)
	at com.vaadin.event.ListenerMethod.receiveEvent(ListenerMethod.java:508)
	at com.vaadin.event.EventRouter.fireEvent(EventRouter.java:198)
	at com.vaadin.event.EventRouter.fireEvent(EventRouter.java:161)
	at com.vaadin.server.AbstractClientConnector.fireEvent(AbstractClientConnector.java:1008)
	at com.vaadin.ui.Button.fireClick(Button.java:377)
	at com.vaadin.ui.Button$1.click(Button.java:54)
	at sun.reflect.NativeMethodAccessorImpl.invoke0(Native Method)
	at sun.reflect.NativeMethodAccessorImpl.invoke(NativeMethodAccessorImpl.java:62)
	at sun.reflect.DelegatingMethodAccessorImpl.invoke(DelegatingMethodAccessorImpl.java:43)
	at java.lang.reflect.Method.invoke(Method.java:498)
	at com.vaadin.server.ServerRpcManager.applyInvocation(ServerRpcManager.java:158)
	at com.vaadin.server.ServerRpcManager.applyInvocation(ServerRpcManager.java:118)
	at com.vaadin.server.communication.ServerRpcHandler.handleInvocation(ServerRpcHandler.java:437)
	at com.vaadin.server.communication.ServerRpcHandler.handleInvocations(ServerRpcHandler.java:408)
	at com.vaadin.server.communication.ServerRpcHandler.handleRpc(ServerRpcHandler.java:273)
	at com.vaadin.server.communication.UidlRequestHandler.synchronizedHandleRequest(UidlRequestHandler.java:90)
	at com.vaadin.server.SynchronizedRequestHandler.handleRequest(SynchronizedRequestHandler.java:41)
	at com.vaadin.server.VaadinService.handleRequest(VaadinService.java:1414)
	at com.vaadin.server.VaadinServlet.service(VaadinServlet.java:365)
	at info.magnolia.ui.admincentral.AdmincentralVaadinServlet.service(AdmincentralVaadinServlet.java:147)
	at javax.servlet.http.HttpServlet.service(HttpServlet.java:729)
	at info.magnolia.cms.filters.ServletDispatchingFilter.doFilter(ServletDispatchingFilter.java:148)
	at info.magnolia.cms.filters.AbstractMgnlFilter.doFilter(AbstractMgnlFilter.java:85)
	at info.magnolia.cms.filters.MgnlFilterChain.doFilter(MgnlFilterChain.java:79)
	at info.magnolia.cms.filters.MgnlFilterChain.doFilter(MgnlFilterChain.java:81)
	at info.magnolia.cms.filters.MgnlFilterChain.doFilter(MgnlFilterChain.java:81)
	at info.magnolia.cms.filters.MgnlFilterChain.doFilter(MgnlFilterChain.java:81)
	at info.magnolia.cms.filters.MgnlFilterChain.doFilter(MgnlFilterChain.java:81)
	at info.magnolia.cms.filters.CompositeFilter.doFilter(CompositeFilter.java:65)
	at info.magnolia.cms.filters.AbstractMgnlFilter.doFilter(AbstractMgnlFilter.java:85)
	at info.magnolia.cms.filters.MgnlFilterChain.doFilter(MgnlFilterChain.java:79)
	at info.magnolia.virtualuri.VirtualUriFilter.doFilter(VirtualUriFilter.java:98)
	at info.magnolia.cms.filters.AbstractMgnlFilter.doFilter(AbstractMgnlFilter.java:85)
	at info.magnolia.cms.filters.MgnlFilterChain.doFilter(MgnlFilterChain.java:79)
	at info.magnolia.module.cache.executor.Bypass.processCacheRequest(Bypass.java:58)
	at info.magnolia.module.cache.executor.CompositeExecutor.processCacheRequest(CompositeExecutor.java:67)
	at info.magnolia.module.cache.filter.CacheFilter.doFilter(CacheFilter.java:220)
	at info.magnolia.cms.filters.AbstractMgnlFilter.doFilter(AbstractMgnlFilter.java:85)
	at info.magnolia.cms.filters.MgnlFilterChain.doFilter(MgnlFilterChain.java:79)
	at info.magnolia.cms.i18n.I18nContentSupportFilter.doFilter(I18nContentSupportFilter.java:89)
	at info.magnolia.cms.filters.AbstractMgnlFilter.doFilter(AbstractMgnlFilter.java:85)
	at info.magnolia.cms.filters.MgnlFilterChain.doFilter(MgnlFilterChain.java:79)
	at info.magnolia.cms.filters.RangeSupportFilter.doFilter(RangeSupportFilter.java:77)
	at info.magnolia.cms.filters.AbstractMgnlFilter.doFilter(AbstractMgnlFilter.java:85)
	at info.magnolia.cms.filters.MgnlFilterChain.doFilter(MgnlFilterChain.java:79)
	at info.magnolia.cms.filters.MgnlFilterChain.doFilter(MgnlFilterChain.java:81)
	at info.magnolia.cms.security.BaseSecurityFilter.doFilter(BaseSecurityFilter.java:57)
	at info.magnolia.cms.filters.AbstractMgnlFilter.doFilter(AbstractMgnlFilter.java:85)
	at info.magnolia.cms.filters.MgnlFilterChain.doFilter(MgnlFilterChain.java:79)
	at info.magnolia.cms.filters.MgnlFilterChain.doFilter(MgnlFilterChain.java:81)
	at info.magnolia.cms.security.SecurityCallbackFilter.doFilter(SecurityCallbackFilter.java:84)
	at info.magnolia.cms.filters.OncePerRequestAbstractMgnlFilter.doFilter(OncePerRequestAbstractMgnlFilter.java:59)
	at info.magnolia.cms.filters.MgnlFilterChain.doFilter(MgnlFilterChain.java:79)
	at info.magnolia.cms.security.LogoutFilter.doFilter(LogoutFilter.java:94)
	at info.magnolia.cms.filters.OncePerRequestAbstractMgnlFilter.doFilter(OncePerRequestAbstractMgnlFilter.java:59)
	at info.magnolia.cms.filters.MgnlFilterChain.doFilter(MgnlFilterChain.java:79)
	at info.magnolia.module.site.filters.SiteMergeFilter.doFilter(SiteMergeFilter.java:119)
	at info.magnolia.cms.filters.AbstractMgnlFilter.doFilter(AbstractMgnlFilter.java:85)
	at info.magnolia.cms.filters.MgnlFilterChain.doFilter(MgnlFilterChain.java:79)
	at info.magnolia.cms.filters.MultiChannelFilter.doFilter(MultiChannelFilter.java:83)
	at info.magnolia.cms.filters.AbstractMgnlFilter.doFilter(AbstractMgnlFilter.java:85)
	at info.magnolia.cms.filters.MgnlFilterChain.doFilter(MgnlFilterChain.java:79)
	at info.magnolia.module.cache.filter.GZipFilter.doFilter(GZipFilter.java:73)
	at info.magnolia.cms.filters.OncePerRequestAbstractMgnlFilter.doFilter(OncePerRequestAbstractMgnlFilter.java:59)
	at info.magnolia.cms.filters.MgnlFilterChain.doFilter(MgnlFilterChain.java:79)
	at info.magnolia.cms.filters.MgnlFilterChain.doFilter(MgnlFilterChain.java:81)
	at info.magnolia.cms.security.auth.login.LoginFilter.doFilter(LoginFilter.java:127)
	at info.magnolia.cms.filters.AbstractMgnlFilter.doFilter(AbstractMgnlFilter.java:85)
	at info.magnolia.cms.filters.MgnlFilterChain.doFilter(MgnlFilterChain.java:79)
	at info.magnolia.cms.filters.MgnlFilterChain.doFilter(MgnlFilterChain.java:81)
	at info.magnolia.cms.filters.MgnlFilterChain.doFilter(MgnlFilterChain.java:81)
	at info.magnolia.cms.filters.ContentTypeFilter.doFilter(ContentTypeFilter.java:155)
	at info.magnolia.cms.filters.AbstractMgnlFilter.doFilter(AbstractMgnlFilter.java:85)
	at info.magnolia.cms.filters.MgnlFilterChain.doFilter(MgnlFilterChain.java:79)
	at info.magnolia.cms.filters.ContextFilter.doFilter(ContextFilter.java:128)
	at info.magnolia.cms.filters.AbstractMgnlFilter.doFilter(AbstractMgnlFilter.java:85)
	at info.magnolia.cms.filters.MgnlFilterChain.doFilter(MgnlFilterChain.java:79)
	at info.magnolia.cms.filters.CompositeFilter.doFilter(CompositeFilter.java:65)
	at info.magnolia.cms.filters.AbstractMgnlFilter.doFilter(AbstractMgnlFilter.java:85)
	at info.magnolia.cms.filters.SafeDestroyMgnlFilterWrapper.doFilter(SafeDestroyMgnlFilterWrapper.java:107)
	at info.magnolia.cms.filters.MgnlFilterDispatcher.doDispatch(MgnlFilterDispatcher.java:67)
	at info.magnolia.cms.filters.MgnlMainFilter.doFilter(MgnlMainFilter.java:108)
	at info.magnolia.cms.filters.MgnlMainFilter.doFilter(MgnlMainFilter.java:94)
	at org.apache.catalina.core.ApplicationFilterChain.internalDoFilter(ApplicationFilterChain.java:192)
	at org.apache.catalina.core.ApplicationFilterChain.doFilter(ApplicationFilterChain.java:165)
	at org.apache.catalina.core.StandardWrapperValve.invoke(StandardWrapperValve.java:198)
	at org.apache.catalina.core.StandardContextValve.invoke(StandardContextValve.java:108)
	at org.apache.catalina.core.StandardHostValve.invoke(StandardHostValve.java:140)
	at org.apache.catalina.valves.ErrorReportValve.invoke(ErrorReportValve.java:79)
	at org.apache.catalina.valves.AbstractAccessLogValve.invoke(AbstractAccessLogValve.java:620)
	at org.apache.catalina.core.StandardEngineValve.invoke(StandardEngineValve.java:87)
	at org.apache.catalina.connector.CoyoteAdapter.service(CoyoteAdapter.java:349)
	at org.apache.coyote.http11.Http11Processor.service(Http11Processor.java:784)
	at org.apache.coyote.AbstractProcessorLight.process(AbstractProcessorLight.java:66)
	at org.apache.coyote.AbstractProtocol$ConnectionHandler.process(AbstractProtocol.java:802)
	at org.apache.tomcat.util.net.NioEndpoint$SocketProcessor.doRun(NioEndpoint.java:1410)
	at org.apache.tomcat.util.net.SocketProcessorBase.run(SocketProcessorBase.java:49)
	at java.util.concurrent.ThreadPoolExecutor.runWorker(ThreadPoolExecutor.java:1149)
	at java.util.concurrent.ThreadPoolExecutor$Worker.run(ThreadPoolExecutor.java:624)
	at org.apache.tomcat.util.threads.TaskThread$WrappingRunnable.run(TaskThread.java:61)
	at java.lang.Thread.run(Thread.java:748)
Caused by: info.magnolia.config.registry.Registry$InvalidDefinitionException: internet-banking:pages/main
	at info.magnolia.config.registry.DefinitionProviderBuilder$DefinitionProviderImpl.get(DefinitionProviderBuilder.java:218)
	at info.magnolia.config.registry.AbstractDefinitionProviderWrapper.get(AbstractDefinitionProviderWrapper.java:61)
	at info.magnolia.config.registry.AbstractDefinitionProviderWrapper.get(AbstractDefinitionProviderWrapper.java:61)
	at info.magnolia.ui.dialog.registry.DialogDefinitionRegistry$1.get(DialogDefinitionRegistry.java:88)
	at info.magnolia.ui.dialog.registry.DialogDefinitionRegistry$1.get(DialogDefinitionRegistry.java:85)
	at info.magnolia.ui.dialog.formdialog.FormDialogPresenterFactoryImpl.createFormDialogPresenter(FormDialogPresenterFactoryImpl.java:67)
	at info.magnolia.pages.app.action.CreatePageAction.execute(CreatePageAction.java:95)
	at info.magnolia.ui.api.action.AbstractActionExecutor.execute(AbstractActionExecutor.java:62)
	... 108 more
