INFO  12.04.2018 15:26:23  Trying to initialize repositories from: 
    /Users/minhtien/Documents/dev/CBA/internet-banking-magnolia/apache-tomcat/webapps/magnoliaPublic/WEB-INF/bootstrap/public
    /Users/minhtien/Documents/dev/CBA/internet-banking-magnolia/apache-tomcat/webapps/magnoliaPublic/WEB-INF/bootstrap/common
INFO  12.04.2018 15:26:23  Repository [dam] has been initialized.
INFO  12.04.2018 15:26:23  Repository [forum] has been initialized.
INFO  12.04.2018 15:26:23  Repository [contacts] has been initialized.
INFO  12.04.2018 15:26:23  Repository [usergroups] has been initialized.
INFO  12.04.2018 15:26:23  Repository [magnolia-mgnlSystem] has been initialized.
INFO  12.04.2018 15:26:23  Repository [scripts] has been initialized.
INFO  12.04.2018 15:26:23  Repository [website] has been initialized.
INFO  12.04.2018 15:26:23  Repository [magnolia-mgnlVersion] has been initialized.
INFO  12.04.2018 15:26:23  Repository [userroles] has been initialized.
INFO  12.04.2018 15:26:23  Repository [googleSitemaps] has been initialized.
INFO  12.04.2018 15:26:23  Repository [profiles] has been initialized.
INFO  12.04.2018 15:26:23  Repository [users] has been initialized.
INFO  12.04.2018 15:26:23  Repository [tasks] has been initialized.
INFO  12.04.2018 15:26:23  Repository [imaging] has been initialized.
INFO  12.04.2018 15:26:23  Repository [category] has been initialized.
INFO  12.04.2018 15:26:23  Repository [rss] has been initialized.
INFO  12.04.2018 15:26:23  Repository [default] has been initialized.
INFO  12.04.2018 15:26:23  Repository [resources] has been initialized.
INFO  12.04.2018 15:26:23  Repository [messages] has been initialized.
INFO  12.04.2018 15:26:23  Repository [config] has been initialized.
INFO  12.04.2018 15:26:23  Repository [dms] has been initialized.
