ERROR  info.magnolia.config.source.yaml.YamlConfigurationSource 12.04.2018 15:41:07 -- 1 severe problems have been encountered:
ERROR  info.magnolia.config.source.yaml.YamlConfigurationSource 12.04.2018 15:41:07 -- 
Severity type:   SEVERE 
Title:           /: [Definition resolution] - Parsing configuration data from [/internet-banking/dialogs/pages/main.yaml] failed 
Problem details: Failed to parse YAML file:
Resource not found: No resource found for path /internet-banking/dialogs/common/default-dialog-actions.yaml in origin layered
info.magnolia.resourceloader.ResourceOrigin$ResourceNotFoundException: No resource found for path /internet-banking/dialogs/common/default-dialog-actions.yaml in origin layered
	at info.magnolia.resourceloader.layered.LayeredResourceOrigin.getByPath(LayeredResourceOrigin.java:111)
	at info.magnolia.resourceloader.layered.LayeredResourceOrigin.getByPath(LayeredResourceOrigin.java:73)
	at info.magnolia.config.source.yaml.dependency.YamlFileDependency.getResource(YamlFileDependency.java:103)
	at info.magnolia.config.source.yaml.dependency.YamlFileDependency.readData(YamlFileDependency.java:85)
	at info.magnolia.config.source.yaml.construct.IncludeYamlFile.construct(IncludeYamlFile.java:86)
	at org.yaml.snakeyaml.constructor.BaseConstructor.constructObject(BaseConstructor.java:182)
	at org.yaml.snakeyaml.constructor.BaseConstructor.constructMapping2ndStep(BaseConstructor.java:373)
	at org.yaml.snakeyaml.constructor.SafeConstructor.constructMapping2ndStep(SafeConstructor.java:147)
	at org.yaml.snakeyaml.constructor.BaseConstructor.constructMapping(BaseConstructor.java:354)
	at org.yaml.snakeyaml.constructor.SafeConstructor$ConstructYamlMap.construct(SafeConstructor.java:485)
	at org.yaml.snakeyaml.constructor.BaseConstructor.constructObject(BaseConstructor.java:182)
	at org.yaml.snakeyaml.constructor.BaseConstructor.constructDocument(BaseConstructor.java:141)
	at org.yaml.snakeyaml.constructor.BaseConstructor.getSingleData(BaseConstructor.java:127)
	at org.yaml.snakeyaml.Yaml.loadFromReader(Yaml.java:481)
	at org.yaml.snakeyaml.Yaml.load(Yaml.java:424)
	at info.magnolia.config.source.yaml.YamlReader.doReadWithDependencies(YamlReader.java:84)
	at info.magnolia.config.source.yaml.YamlReader.readWithDependencies(YamlReader.java:76)
	at info.magnolia.config.source.yaml.YamlDefinitionProvider.resolve(YamlDefinitionProvider.java:158)
	at info.magnolia.config.source.yaml.YamlDefinitionProvider.getDelegate(YamlDefinitionProvider.java:128)
	at info.magnolia.config.registry.AbstractDefinitionProviderWrapper.getMetadata(AbstractDefinitionProviderWrapper.java:56)
	at info.magnolia.config.registry.AbstractDefinitionProviderWrapper.getMetadata(AbstractDefinitionProviderWrapper.java:56)
	at info.magnolia.config.registry.RegistryMap.asStringKey(RegistryMap.java:147)
	at info.magnolia.config.registry.RegistryMap.put(RegistryMap.java:94)
	at info.magnolia.config.registry.AbstractRegistry.register(AbstractRegistry.java:91)
	at info.magnolia.config.source.yaml.YamlConfigurationSource.loadAndRegister(YamlConfigurationSource.java:114)
	at info.magnolia.config.source.yaml.AbstractFileResourceConfigurationSource.lambda$start$2(AbstractFileResourceConfigurationSource.java:164)
	at info.magnolia.resourceloader.layered.LayeredResourceOrigin$RelayingChangeHandler.onResourceChanged(LayeredResourceOrigin.java:285)
	at info.magnolia.resourceloader.AbstractResourceOrigin.dispatchResourceChange(AbstractResourceOrigin.java:132)
	at info.magnolia.resourceloader.file.FileWatcherCallback.dispatchResourceChange(FileWatcherCallback.java:117)
	at info.magnolia.resourceloader.file.FileWatcherCallback.modified(FileWatcherCallback.java:88)
	at info.magnolia.dirwatch.DirectoryWatcher.processEvent(DirectoryWatcher.java:307)
	at info.magnolia.dirwatch.DirectoryWatcher.run(DirectoryWatcher.java:253)
	at java.util.concurrent.Executors$RunnableAdapter.call(Executors.java:511)
	at java.util.concurrent.FutureTask.run(FutureTask.java:266)
	at java.util.concurrent.ThreadPoolExecutor.runWorker(ThreadPoolExecutor.java:1149)
	at java.util.concurrent.ThreadPoolExecutor$Worker.run(ThreadPoolExecutor.java:624)
	at java.lang.Thread.run(Thread.java:748)
ERROR  info.magnolia.config.source.yaml.YamlConfigurationSource 12.04.2018 15:41:23 -- 1 severe problems have been encountered:
ERROR  info.magnolia.config.source.yaml.YamlConfigurationSource 12.04.2018 15:41:23 -- 
Severity type:   SEVERE 
Title:           /: [Definition resolution] - Parsing configuration data from [/internet-banking/dialogs/components/banner.yaml] failed 
Problem details: Failed to parse YAML file:
Resource not found: No resource found for path /internet-banking/dialogs/common/default-dialog-actions.yaml in origin layered
info.magnolia.resourceloader.ResourceOrigin$ResourceNotFoundException: No resource found for path /internet-banking/dialogs/common/default-dialog-actions.yaml in origin layered
	at info.magnolia.resourceloader.layered.LayeredResourceOrigin.getByPath(LayeredResourceOrigin.java:111)
	at info.magnolia.resourceloader.layered.LayeredResourceOrigin.getByPath(LayeredResourceOrigin.java:73)
	at info.magnolia.config.source.yaml.dependency.YamlFileDependency.getResource(YamlFileDependency.java:103)
	at info.magnolia.config.source.yaml.dependency.YamlFileDependency.readData(YamlFileDependency.java:85)
	at info.magnolia.config.source.yaml.construct.IncludeYamlFile.construct(IncludeYamlFile.java:86)
	at org.yaml.snakeyaml.constructor.BaseConstructor.constructObject(BaseConstructor.java:182)
	at org.yaml.snakeyaml.constructor.BaseConstructor.constructMapping2ndStep(BaseConstructor.java:373)
	at org.yaml.snakeyaml.constructor.SafeConstructor.constructMapping2ndStep(SafeConstructor.java:147)
	at org.yaml.snakeyaml.constructor.BaseConstructor.constructMapping(BaseConstructor.java:354)
	at org.yaml.snakeyaml.constructor.SafeConstructor$ConstructYamlMap.construct(SafeConstructor.java:485)
	at org.yaml.snakeyaml.constructor.BaseConstructor.constructObject(BaseConstructor.java:182)
	at org.yaml.snakeyaml.constructor.BaseConstructor.constructDocument(BaseConstructor.java:141)
	at org.yaml.snakeyaml.constructor.BaseConstructor.getSingleData(BaseConstructor.java:127)
	at org.yaml.snakeyaml.Yaml.loadFromReader(Yaml.java:481)
	at org.yaml.snakeyaml.Yaml.load(Yaml.java:424)
	at info.magnolia.config.source.yaml.YamlReader.doReadWithDependencies(YamlReader.java:84)
	at info.magnolia.config.source.yaml.YamlReader.readWithDependencies(YamlReader.java:76)
	at info.magnolia.config.source.yaml.YamlDefinitionProvider.resolve(YamlDefinitionProvider.java:158)
	at info.magnolia.config.source.yaml.YamlDefinitionProvider.getDelegate(YamlDefinitionProvider.java:128)
	at info.magnolia.config.registry.AbstractDefinitionProviderWrapper.getMetadata(AbstractDefinitionProviderWrapper.java:56)
	at info.magnolia.config.registry.AbstractDefinitionProviderWrapper.getMetadata(AbstractDefinitionProviderWrapper.java:56)
	at info.magnolia.config.registry.RegistryMap.asStringKey(RegistryMap.java:147)
	at info.magnolia.config.registry.RegistryMap.put(RegistryMap.java:94)
	at info.magnolia.config.registry.AbstractRegistry.register(AbstractRegistry.java:91)
	at info.magnolia.config.source.yaml.YamlConfigurationSource.loadAndRegister(YamlConfigurationSource.java:114)
	at info.magnolia.config.source.yaml.AbstractFileResourceConfigurationSource.lambda$start$2(AbstractFileResourceConfigurationSource.java:164)
	at info.magnolia.resourceloader.layered.LayeredResourceOrigin$RelayingChangeHandler.onResourceChanged(LayeredResourceOrigin.java:285)
	at info.magnolia.resourceloader.AbstractResourceOrigin.dispatchResourceChange(AbstractResourceOrigin.java:132)
	at info.magnolia.resourceloader.file.FileWatcherCallback.dispatchResourceChange(FileWatcherCallback.java:117)
	at info.magnolia.resourceloader.file.FileWatcherCallback.modified(FileWatcherCallback.java:88)
	at info.magnolia.dirwatch.DirectoryWatcher.processEvent(DirectoryWatcher.java:307)
	at info.magnolia.dirwatch.DirectoryWatcher.run(DirectoryWatcher.java:253)
	at java.util.concurrent.Executors$RunnableAdapter.call(Executors.java:511)
	at java.util.concurrent.FutureTask.run(FutureTask.java:266)
	at java.util.concurrent.ThreadPoolExecutor.runWorker(ThreadPoolExecutor.java:1149)
	at java.util.concurrent.ThreadPoolExecutor$Worker.run(ThreadPoolExecutor.java:624)
	at java.lang.Thread.run(Thread.java:748)
